<?xml version="1.0" encoding="UTF-8"?>
<testsuite xmlns:xsi="http://www.w3.org/2001/XMLSchema-instance" xsi:noNamespaceSchemaLocation="https://maven.apache.org/surefire/maven-surefire-plugin/xsd/surefire-test-report-3.0.xsd" version="3.0" name="com.github.paohaijiao.JResourceTest" time="0.143" tests="1" errors="0" skipped="0" failures="0">
  <properties>
[...]
</properties>
  <testcase name="test" classname="com.github.paohaijiao.JResourceTest" time="0.112">
    <system-out><![CDATA[Dev Environment:
App Name: My Application
DB URL: jdbc:mysql://localhost:3306/dev_db
DB Username: dev_user
DB Pool Size: 10

Prod Environment:
App Name: My Application
DB URL: jdbc:mysql://prod-server:3306/prod_db
DB Username: prod_user
DB Pool Size: 50
]]></system-out>
  </testcase>
</testsuite>